08.07.2024  19:24:24 - INFO: --------------------------------------------------------------------------------------------
08.07.2024  19:27:25 - DEBUG: ++++++++++++++ All Summonerspells done
08.07.2024  19:27:28 - DEBUG: ++++++++++++++ All Runes done
08.07.2024  19:27:28 - DEBUG: ++++++++++++++ All Items done
08.07.2024  19:27:28 - DEBUG: ++++++++++++++ All Champions done
08.07.2024  19:39:20 - INFO: --------------------------------------------------------------------------------------------
08.07.2024  19:42:15 - DEBUG: ++++++++++++++ All Runes done
08.07.2024  19:42:15 - DEBUG: ++++++++++++++ All Summonerspells done
08.07.2024  19:42:16 - DEBUG: ++++++++++++++ All Items done
08.07.2024  19:42:17 - DEBUG: ++++++++++++++ All Champions done
08.07.2024  20:16:43 - INFO: --------------------------------------------------------------------------------------------
08.07.2024  20:20:07 - DEBUG: ++++++++++++++ All Summonerspells done
08.07.2024  20:20:07 - DEBUG: ++++++++++++++ All Runes done
08.07.2024  20:20:07 - DEBUG: ++++++++++++++ All Items done
08.07.2024  20:20:07 - DEBUG: ++++++++++++++ All Champions done
08.07.2024  20:23:48 - INFO: --------------------------------------------------------------------------------------------
08.07.2024  20:27:00 - DEBUG: ++++++++++++++ All Summonerspells done
08.07.2024  20:27:03 - DEBUG: ++++++++++++++ All Runes done
08.07.2024  20:27:03 - DEBUG: ++++++++++++++ All Champions done
08.07.2024  20:27:03 - DEBUG: ++++++++++++++ All Items done
09.07.2024  10:35:20 - INFO: --------------------------------------------------------------------------------------------
09.07.2024  10:38:24 - DEBUG: ++++++++++++++ All Runes done
09.07.2024  10:38:24 - DEBUG: ++++++++++++++ All Summonerspells done
09.07.2024  10:38:24 - DEBUG: ++++++++++++++ All Items done
09.07.2024  10:38:24 - DEBUG: ++++++++++++++ All Champions done
09.07.2024  12:55:19 - INFO: --------------------------------------------------------------------------------------------
09.07.2024  12:57:49 - DEBUG: ++++++++++++++ All Summonerspells done
09.07.2024  12:57:49 - DEBUG: ++++++++++++++ All Runes done
09.07.2024  12:57:53 - DEBUG: ++++++++++++++ All Champions done
09.07.2024  12:57:53 - DEBUG: ++++++++++++++ All Items done
