15.06.2025  11:27:36 - INFO - liandrys.load: ------------------------------------------------------------
15.06.2025  11:27:36 - INFO - liandrys.load: Loading fresh database for patch 15.12.1, hotfix: 2025-06-12 00:00:00
15.06.2025  11:27:38 - INFO - liandrys.load: Finished loading fresh database for patch 15.12.1, hotfix: 2025-06-12 00:00:00
15.06.2025  11:27:38 - INFO - liandrys.load: Total duration: 2.32 seconds
15.06.2025  11:27:38 - INFO - liandrys.load: ------------------------------------------------------------
15.06.2025  11:28:10 - INFO - liandrys.load: ------------------------------------------------------------
15.06.2025  11:28:10 - INFO - liandrys.load: Loading fresh database for patch 15.12.1, hotfix: 2025-06-12 00:00:00
15.06.2025  11:28:11 - INFO - liandrys.load: Finished loading fresh database for patch 15.12.1, hotfix: 2025-06-12 00:00:00
15.06.2025  11:28:11 - INFO - liandrys.load: Total duration: 1.04 seconds
15.06.2025  11:28:11 - INFO - liandrys.load: ------------------------------------------------------------
15.06.2025  11:52:11 - INFO - liandrys.load: ------------------------------------------------------------
15.06.2025  11:52:11 - INFO - liandrys.load: Loading fresh database for patch 15.12.1, hotfix: 2025-06-12 00:00:00
15.06.2025  11:52:12 - INFO - liandrys.load: Finished loading fresh database for patch 15.12.1, hotfix: 2025-06-12 00:00:00
15.06.2025  11:52:12 - INFO - liandrys.load: Total duration: 1.23 seconds
15.06.2025  11:52:12 - INFO - liandrys.load: ------------------------------------------------------------
15.06.2025  14:31:30 - INFO - liandrys.load: ------------------------------------------------------------
15.06.2025  14:31:30 - INFO - liandrys.load: Loading fresh database for patch 15.12.1, hotfix: 2025-06-12 00:00:00
15.06.2025  14:31:31 - INFO - liandrys.load: Finished loading fresh database for patch 15.12.1, hotfix: 2025-06-12 00:00:00
15.06.2025  14:31:31 - INFO - liandrys.load: Total duration: 1.24 seconds
15.06.2025  14:31:31 - INFO - liandrys.load: ------------------------------------------------------------
15.06.2025  14:54:51 - INFO - liandrys.load: ------------------------------------------------------------
15.06.2025  14:54:51 - INFO - liandrys.load: Loading fresh database for patch 15.12.1, hotfix: 2025-06-12 00:00:00
15.06.2025  14:54:51 - ERROR - liandrys.load: [LOAD] Patch load failed!
15.06.2025  15:00:23 - INFO - liandrys.load: ------------------------------------------------------------
15.06.2025  15:00:23 - INFO - liandrys.load: Loading fresh database for patch 15.12.1, hotfix: 2025-06-12 00:00:00
15.06.2025  15:00:23 - ERROR - liandrys.load: [LOAD] Patch load failed!
15.06.2025  15:10:34 - INFO - liandrys.load: ------------------------------------------------------------
15.06.2025  15:10:34 - INFO - liandrys.load: Loading fresh database for patch 15.12.1, hotfix: 2025-06-12 00:00:00
15.06.2025  15:10:34 - ERROR - liandrys.load: [LOAD] Patch load failed!
15.06.2025  15:24:13 - INFO - liandrys.load: ------------------------------------------------------------
15.06.2025  15:24:13 - INFO - liandrys.load: Loading fresh database for patch 15.12.1, hotfix: 2025-06-12 00:00:00
15.06.2025  15:24:15 - INFO - liandrys.load: Finished loading fresh database for patch 15.12.1, hotfix: 2025-06-12 00:00:00
15.06.2025  15:24:15 - INFO - liandrys.load: Total duration: 1.89 seconds
15.06.2025  15:24:15 - INFO - liandrys.load: ------------------------------------------------------------
15.06.2025  15:45:10 - INFO - liandrys.load: ------------------------------------------------------------
15.06.2025  15:45:10 - INFO - liandrys.load: Loading fresh database for patch 15.12.1, hotfix: 2025-06-12 00:00:00
15.06.2025  15:45:11 - INFO - liandrys.load: Finished loading fresh database for patch 15.12.1, hotfix: 2025-06-12 00:00:00
15.06.2025  15:45:11 - INFO - liandrys.load: Total duration: 1.37 seconds
15.06.2025  15:45:11 - INFO - liandrys.load: ------------------------------------------------------------
15.06.2025  15:49:55 - INFO - liandrys.load: ------------------------------------------------------------
15.06.2025  15:49:55 - INFO - liandrys.load: Loading fresh database for patch 15.12.1, hotfix: 2025-06-12 00:00:00
15.06.2025  15:49:57 - INFO - liandrys.load: Finished loading fresh database for patch 15.12.1, hotfix: 2025-06-12 00:00:00
15.06.2025  15:49:57 - INFO - liandrys.load: Total duration: 2.40 seconds
15.06.2025  15:49:57 - INFO - liandrys.load: ------------------------------------------------------------
15.06.2025  16:02:14 - INFO - liandrys.load: ------------------------------------------------------------
15.06.2025  16:02:14 - INFO - liandrys.load: Loading fresh database for patch 15.12.1, hotfix: 2025-06-12 00:00:00
15.06.2025  16:02:16 - INFO - liandrys.load: Finished loading fresh database for patch 15.12.1, hotfix: 2025-06-12 00:00:00
15.06.2025  16:02:16 - INFO - liandrys.load: Total duration: 1.84 seconds
15.06.2025  16:02:16 - INFO - liandrys.load: ------------------------------------------------------------
