13.06.2025  13:33:30 - INFO - liandrys.load: ------------------------------------------------------------
13.06.2025  13:33:30 - INFO - liandrys.load: Loading patch 15.8.1, hotfix 2025-04-10 00:00:00
13.06.2025  13:33:30 - INFO - liandrys.load: [CHAMPION] Ahri ✔ Patched successfully
13.06.2025  13:33:30 - INFO - liandrys.load: [ITEM] Black Cleaver ✔ Patched successfully
13.06.2025  13:33:30 - INFO - liandrys.load: [RUNE] Cheap Shot ✔ Patched successfully
13.06.2025  13:33:30 - INFO - liandrys.load: [SUMMONERSPELL] Ghost ✔ Patched successfully
13.06.2025  14:02:31 - INFO - liandrys.load: ------------------------------------------------------------
13.06.2025  14:02:31 - INFO - liandrys.load: Loading patch 15.8.1, hotfix 2025-04-10 00:00:00
13.06.2025  14:02:31 - INFO - liandrys.load: [CHAMPION] Ahri ✔ Patched successfully
13.06.2025  14:02:32 - INFO - liandrys.load: [ITEM] Black Cleaver ✔ Patched successfully
13.06.2025  14:02:32 - INFO - liandrys.load: [RUNE] Cheap Shot ✔ Patched successfully
13.06.2025  14:02:32 - INFO - liandrys.load: [SUMMONERSPELL] Ghost ✔ Patched successfully
13.06.2025  14:03:01 - INFO - liandrys.load: ------------------------------------------------------------
13.06.2025  14:03:01 - INFO - liandrys.load: Loading patch 15.8.1, hotfix 2025-04-10 00:00:00
13.06.2025  14:03:01 - INFO - liandrys.load: [CHAMPION] Ahri ✔ Patched successfully
13.06.2025  14:03:01 - INFO - liandrys.load: [ITEM] Black Cleaver ✔ Patched successfully
13.06.2025  14:03:01 - INFO - liandrys.load: [RUNE] Cheap Shot ✔ Patched successfully
13.06.2025  14:03:01 - INFO - liandrys.load: [SUMMONERSPELL] Ghost ✔ Patched successfully
14.06.2025  23:43:03 - INFO - liandrys.load: ------------------------------------------------------------
14.06.2025  23:43:03 - INFO - liandrys.load: Loading patch 15.8.1, hotfix 2025-04-10 00:00:00
14.06.2025  23:43:03 - INFO - liandrys.load: Finished loading patch V25.08, hotfix: 2025-04-10 00:00:00
14.06.2025  23:43:03 - INFO - liandrys.load: Total duration: 0.03 seconds
14.06.2025  23:43:03 - INFO - liandrys.load: ------------------------------------------------------------
14.06.2025  23:45:59 - INFO - liandrys.load: ------------------------------------------------------------
14.06.2025  23:45:59 - INFO - liandrys.load: Loading patch 15.8.1, hotfix 2025-04-10 00:00:00
14.06.2025  23:45:59 - INFO - liandrys.load: Finished loading patch V25.08, hotfix: 2025-04-10 00:00:00
14.06.2025  23:45:59 - INFO - liandrys.load: Total duration: 0.05 seconds
14.06.2025  23:45:59 - INFO - liandrys.load: ------------------------------------------------------------
14.06.2025  23:47:03 - INFO - liandrys.load: ------------------------------------------------------------
14.06.2025  23:47:04 - INFO - liandrys.load: Loading patch 15.8.1, hotfix 2025-04-10 00:00:00
14.06.2025  23:54:03 - INFO - liandrys.load: ------------------------------------------------------------
14.06.2025  23:54:03 - INFO - liandrys.load: Loading patch 15.8.1, hotfix 2025-04-10 00:00:00
14.06.2025  23:54:03 - INFO - liandrys.load: Finished loading patch V25.08, hotfix: 2025-04-10 00:00:00
14.06.2025  23:54:03 - INFO - liandrys.load: Total duration: 0.05 seconds
14.06.2025  23:54:03 - INFO - liandrys.load: ------------------------------------------------------------
14.06.2025  23:54:40 - INFO - liandrys.load: ------------------------------------------------------------
14.06.2025  23:54:40 - INFO - liandrys.load: Loading patch 15.8.1, hotfix 2025-04-10 00:00:00
14.06.2025  23:54:40 - INFO - liandrys.load: Finished loading patch V25.08, hotfix: 2025-04-10 00:00:00
14.06.2025  23:54:40 - INFO - liandrys.load: Total duration: 0.00 seconds
14.06.2025  23:54:40 - INFO - liandrys.load: ------------------------------------------------------------
14.06.2025  23:54:54 - INFO - liandrys.load: ------------------------------------------------------------
14.06.2025  23:54:54 - INFO - liandrys.load: Loading patch 15.8.1, hotfix 2025-04-10 00:00:00
14.06.2025  23:54:54 - INFO - liandrys.load: Finished loading patch V25.08, hotfix: 2025-04-10 00:00:00
14.06.2025  23:54:54 - INFO - liandrys.load: Total duration: 0.00 seconds
14.06.2025  23:54:54 - INFO - liandrys.load: ------------------------------------------------------------
14.06.2025  23:54:54 - INFO - liandrys.load: [CHAMPION] Ahri ✔ Patched successfully
14.06.2025  23:54:54 - INFO - liandrys.load: [ITEM] Black Cleaver ✔ Patched successfully
14.06.2025  23:54:54 - INFO - liandrys.load: [RUNE] Cheap Shot ✔ Patched successfully
14.06.2025  23:54:54 - INFO - liandrys.load: [SUMMONERSPELL] Ghost ✔ Patched successfully
15.06.2025  00:00:50 - INFO - liandrys.load: ------------------------------------------------------------
15.06.2025  00:00:50 - INFO - liandrys.load: Loading patch 15.8.1, hotfix 2025-04-10 00:00:00
15.06.2025  00:00:50 - INFO - liandrys.load: Finished loading patch V25.08, hotfix: 2025-04-10 00:00:00
15.06.2025  00:00:50 - INFO - liandrys.load: Total duration: 0.02 seconds
15.06.2025  00:00:50 - INFO - liandrys.load: ------------------------------------------------------------
15.06.2025  00:00:50 - INFO - liandrys.load: [CHAMPION] Ahri ✔ Patched successfully
15.06.2025  00:00:50 - INFO - liandrys.load: [ITEM] Black Cleaver ✔ Patched successfully
15.06.2025  00:00:50 - INFO - liandrys.load: [RUNE] Cheap Shot ✔ Patched successfully
15.06.2025  00:00:50 - INFO - liandrys.load: [SUMMONERSPELL] Ghost ✔ Patched successfully
15.06.2025  00:01:36 - INFO - liandrys.load: ------------------------------------------------------------
15.06.2025  00:01:36 - INFO - liandrys.load: Loading patch 15.8.1, hotfix 2025-04-10 00:00:00
15.06.2025  00:01:36 - INFO - liandrys.load: Finished loading patch V25.08, hotfix: 2025-04-10 00:00:00
15.06.2025  00:01:36 - INFO - liandrys.load: Total duration: 0.02 seconds
15.06.2025  00:01:36 - INFO - liandrys.load: ------------------------------------------------------------
15.06.2025  00:01:36 - INFO - liandrys.load: [CHAMPION] Ahri ✔ Patched successfully
15.06.2025  00:01:36 - INFO - liandrys.load: [ITEM] Black Cleaver ✔ Patched successfully
15.06.2025  00:01:36 - INFO - liandrys.load: [RUNE] Cheap Shot ✔ Patched successfully
15.06.2025  00:01:36 - INFO - liandrys.load: [SUMMONERSPELL] Ghost ✔ Patched successfully
15.06.2025  00:16:20 - INFO - liandrys.load: ------------------------------------------------------------
15.06.2025  00:16:20 - INFO - liandrys.load: Loading patch 15.8.1, hotfix 2025-04-10 00:00:00
15.06.2025  00:16:20 - INFO - liandrys.load: Finished loading patch V25.08, hotfix: 2025-04-10 00:00:00
15.06.2025  00:16:20 - INFO - liandrys.load: Total duration: 0.00 seconds
15.06.2025  00:16:20 - INFO - liandrys.load: ------------------------------------------------------------
15.06.2025  00:16:20 - INFO - liandrys.load: [CHAMPION] Ahri ✔ Patched successfully
15.06.2025  00:16:20 - INFO - liandrys.load: [ITEM] Black Cleaver ✔ Patched successfully
15.06.2025  00:16:20 - INFO - liandrys.load: [RUNE] Cheap Shot ✔ Patched successfully
15.06.2025  00:16:20 - INFO - liandrys.load: [SUMMONERSPELL] Ghost ✔ Patched successfully
15.06.2025  00:18:40 - INFO - liandrys.load: ------------------------------------------------------------
15.06.2025  00:18:40 - INFO - liandrys.load: Loading patch 15.8.1, hotfix 2025-04-10 00:00:00
15.06.2025  00:18:40 - INFO - liandrys.load: Finished loading patch V25.08, hotfix: 2025-04-10 00:00:00
15.06.2025  00:18:40 - INFO - liandrys.load: Total duration: 0.02 seconds
15.06.2025  00:18:40 - INFO - liandrys.load: ------------------------------------------------------------
15.06.2025  00:18:40 - INFO - liandrys.load: [CHAMPION] Ahri ✔ Patched successfully
15.06.2025  00:18:40 - INFO - liandrys.load: [ITEM] Black Cleaver ✔ Patched successfully
15.06.2025  00:18:40 - INFO - liandrys.load: [RUNE] Cheap Shot ✔ Patched successfully
15.06.2025  00:18:40 - INFO - liandrys.load: [SUMMONERSPELL] Ghost ✔ Patched successfully
