13.06.2025  13:33:29 - INFO - liandrys.load: ------------------------------------------------------------
13.06.2025  13:33:29 - INFO - liandrys.load: Loading fresh database for patch 15.7.1, hotfix: 2024-04-08 00:00:00
13.06.2025  13:33:29 - INFO - liandrys.load: Finished loading fresh database for patch 15.7.1, hotfix: 2024-04-08 00:00:00
13.06.2025  13:33:29 - INFO - liandrys.load: Total duration: 0.08 seconds
13.06.2025  13:33:29 - INFO - liandrys.load: ------------------------------------------------------------
13.06.2025  13:33:29 - INFO - liandrys.load: ------------------------------------------------------------
13.06.2025  13:33:29 - INFO - liandrys.load: Loading fresh database for patch 15.7.1, hotfix: 2024-04-08 00:00:00
13.06.2025  13:56:34 - INFO - liandrys.load: ------------------------------------------------------------
13.06.2025  13:56:34 - INFO - liandrys.load: Loading fresh database for patch 15.7.1, hotfix: 2024-04-08 00:00:00
13.06.2025  13:56:34 - INFO - liandrys.load: Finished loading fresh database for patch 15.7.1, hotfix: 2024-04-08 00:00:00
13.06.2025  13:56:34 - INFO - liandrys.load: Total duration: 0.02 seconds
13.06.2025  13:56:34 - INFO - liandrys.load: ------------------------------------------------------------
13.06.2025  13:59:43 - INFO - liandrys.load: ------------------------------------------------------------
13.06.2025  13:59:43 - INFO - liandrys.load: Loading fresh database for patch 15.7.1, hotfix: 2024-04-08 00:00:00
13.06.2025  13:59:43 - INFO - liandrys.load: Finished loading fresh database for patch 15.7.1, hotfix: 2024-04-08 00:00:00
13.06.2025  13:59:43 - INFO - liandrys.load: Total duration: 0.00 seconds
13.06.2025  13:59:43 - INFO - liandrys.load: ------------------------------------------------------------
13.06.2025  13:59:46 - INFO - liandrys.load: ------------------------------------------------------------
13.06.2025  13:59:46 - INFO - liandrys.load: Loading fresh database for patch 15.7.1, hotfix: 2024-04-08 00:00:00
13.06.2025  14:00:32 - INFO - liandrys.load: ------------------------------------------------------------
13.06.2025  14:00:32 - INFO - liandrys.load: Loading fresh database for patch 15.7.1, hotfix: 2024-04-08 00:00:00
13.06.2025  14:02:31 - INFO - liandrys.load: ------------------------------------------------------------
13.06.2025  14:02:31 - INFO - liandrys.load: Loading fresh database for patch 15.7.1, hotfix: 2024-04-08 00:00:00
13.06.2025  14:02:31 - INFO - liandrys.load: Finished loading fresh database for patch 15.7.1, hotfix: 2024-04-08 00:00:00
13.06.2025  14:02:31 - INFO - liandrys.load: Total duration: 0.02 seconds
13.06.2025  14:02:31 - INFO - liandrys.load: ------------------------------------------------------------
13.06.2025  14:02:31 - INFO - liandrys.load: ------------------------------------------------------------
13.06.2025  14:02:31 - INFO - liandrys.load: Loading fresh database for patch 15.7.1, hotfix: 2024-04-08 00:00:00
13.06.2025  14:02:31 - INFO - liandrys.load: [CHAMPION] Aatrox ✔ Loaded successfully
13.06.2025  14:03:01 - INFO - liandrys.load: ------------------------------------------------------------
13.06.2025  14:03:01 - INFO - liandrys.load: Loading fresh database for patch 15.7.1, hotfix: 2024-04-08 00:00:00
13.06.2025  14:03:01 - INFO - liandrys.load: Finished loading fresh database for patch 15.7.1, hotfix: 2024-04-08 00:00:00
13.06.2025  14:03:01 - INFO - liandrys.load: Total duration: 0.00 seconds
13.06.2025  14:03:01 - INFO - liandrys.load: ------------------------------------------------------------
13.06.2025  14:03:01 - INFO - liandrys.load: ------------------------------------------------------------
13.06.2025  14:03:01 - INFO - liandrys.load: Loading fresh database for patch 15.7.1, hotfix: 2024-04-08 00:00:00
13.06.2025  14:03:01 - INFO - liandrys.load: [CHAMPION] Aatrox ✔ Loaded successfully
14.06.2025  23:54:53 - INFO - liandrys.load: ------------------------------------------------------------
14.06.2025  23:54:53 - INFO - liandrys.load: Loading fresh database for patch 15.7.1, hotfix: 2024-04-08 00:00:00
14.06.2025  23:54:53 - INFO - liandrys.load: Finished loading fresh database for patch 15.7.1, hotfix: 2024-04-08 00:00:00
14.06.2025  23:54:53 - INFO - liandrys.load: Total duration: 0.02 seconds
14.06.2025  23:54:53 - INFO - liandrys.load: ------------------------------------------------------------
14.06.2025  23:54:53 - INFO - liandrys.load: ------------------------------------------------------------
14.06.2025  23:54:53 - INFO - liandrys.load: Loading fresh database for patch 15.7.1, hotfix: 2024-04-08 00:00:00
14.06.2025  23:54:53 - INFO - liandrys.load: [CHAMPION] Aatrox ✔ Loaded successfully
15.06.2025  00:00:50 - INFO - liandrys.load: ------------------------------------------------------------
15.06.2025  00:00:50 - INFO - liandrys.load: Loading fresh database for patch 15.7.1, hotfix: 2024-04-08 00:00:00
15.06.2025  00:00:50 - INFO - liandrys.load: Finished loading fresh database for patch 15.7.1, hotfix: 2024-04-08 00:00:00
15.06.2025  00:00:50 - INFO - liandrys.load: Total duration: 0.02 seconds
15.06.2025  00:00:50 - INFO - liandrys.load: ------------------------------------------------------------
15.06.2025  00:00:50 - INFO - liandrys.load: ------------------------------------------------------------
15.06.2025  00:00:50 - INFO - liandrys.load: Loading fresh database for patch 15.7.1, hotfix: 2024-04-08 00:00:00
15.06.2025  00:00:50 - INFO - liandrys.load: [CHAMPION] Aatrox ✔ Loaded successfully
15.06.2025  00:01:35 - INFO - liandrys.load: ------------------------------------------------------------
15.06.2025  00:01:35 - INFO - liandrys.load: Loading fresh database for patch 15.7.1, hotfix: 2024-04-08 00:00:00
15.06.2025  00:01:35 - INFO - liandrys.load: Finished loading fresh database for patch 15.7.1, hotfix: 2024-04-08 00:00:00
15.06.2025  00:01:35 - INFO - liandrys.load: Total duration: 0.00 seconds
15.06.2025  00:01:35 - INFO - liandrys.load: ------------------------------------------------------------
15.06.2025  00:01:35 - INFO - liandrys.load: ------------------------------------------------------------
15.06.2025  00:01:35 - INFO - liandrys.load: Loading fresh database for patch 15.7.1, hotfix: 2024-04-08 00:00:00
15.06.2025  00:01:35 - INFO - liandrys.load: [CHAMPION] Aatrox ✔ Loaded successfully
15.06.2025  00:16:20 - INFO - liandrys.load: ------------------------------------------------------------
15.06.2025  00:16:20 - INFO - liandrys.load: Loading fresh database for patch 15.7.1, hotfix: 2024-04-08 00:00:00
15.06.2025  00:16:20 - INFO - liandrys.load: Finished loading fresh database for patch 15.7.1, hotfix: 2024-04-08 00:00:00
15.06.2025  00:16:20 - INFO - liandrys.load: Total duration: 0.00 seconds
15.06.2025  00:16:20 - INFO - liandrys.load: ------------------------------------------------------------
15.06.2025  00:16:20 - INFO - liandrys.load: ------------------------------------------------------------
15.06.2025  00:16:20 - INFO - liandrys.load: Loading fresh database for patch 15.7.1, hotfix: 2024-04-08 00:00:00
15.06.2025  00:16:20 - INFO - liandrys.load: [CHAMPION] Aatrox ✔ Loaded successfully
15.06.2025  00:16:20 - INFO - liandrys.load: [ITEM] Infinity Edge ✔ Loaded successfully
15.06.2025  00:18:40 - INFO - liandrys.load: ------------------------------------------------------------
15.06.2025  00:18:40 - INFO - liandrys.load: Loading fresh database for patch 15.7.1, hotfix: 2024-04-08 00:00:00
15.06.2025  00:18:40 - INFO - liandrys.load: Finished loading fresh database for patch 15.7.1, hotfix: 2024-04-08 00:00:00
15.06.2025  00:18:40 - INFO - liandrys.load: Total duration: 0.00 seconds
15.06.2025  00:18:40 - INFO - liandrys.load: ------------------------------------------------------------
15.06.2025  00:18:40 - INFO - liandrys.load: ------------------------------------------------------------
15.06.2025  00:18:40 - INFO - liandrys.load: Loading fresh database for patch 15.7.1, hotfix: 2024-04-08 00:00:00
15.06.2025  00:18:40 - INFO - liandrys.load: [CHAMPION] Aatrox ✔ Loaded successfully
15.06.2025  00:18:40 - INFO - liandrys.load: [ITEM] Infinity Edge ✔ Loaded successfully
15.06.2025  00:18:40 - INFO - liandrys.load: [RUNE] Mock Rune ✔ Loaded successfully
15.06.2025  00:18:40 - INFO - liandrys.load: [SUMMONERSPELL] Smite ✔ Loaded successfully
