13.06.2025  13:33:30 - INFO - liandrys.patch: ------------------------------------------------------------
13.06.2025  13:33:30 - INFO - liandrys.patch: Loading patch 15.8.1, hotfix: 2025-04-10 00:00:00
13.06.2025  13:33:31 - WARNING - liandrys.patch: [CHAMPION] [SCRAPE] [?] Could not find label <b>Silence Duration:</b>: Can't find effect type for silence duration:.
13.06.2025  13:33:31 - WARNING - liandrys.patch: [CHAMPION] [SCRAPE] [?] Could not find label <b>Voidling Duration:</b>: Can't find effect type for voidling duration:.
13.06.2025  13:33:34 - WARNING - liandrys.patch: [ITEM] [SCRAPE] [Titanic Hydra] Could not find Map: '11.1' is not a valid Map
13.06.2025  13:33:36 - ERROR - liandrys.patch: [HOTFIX] [SCRAPE] [2025-01-10 00:00:00] Object type not found '{content.text}'
13.06.2025  14:02:31 - INFO - liandrys.patch: ------------------------------------------------------------
13.06.2025  14:02:31 - INFO - liandrys.patch: Loading patch 15.8.1, hotfix: 2025-04-10 00:00:00
13.06.2025  14:03:01 - INFO - liandrys.patch: ------------------------------------------------------------
13.06.2025  14:03:01 - INFO - liandrys.patch: Loading patch 15.8.1, hotfix: 2025-04-10 00:00:00
14.06.2025  23:43:03 - INFO - liandrys.patch: ------------------------------------------------------------
14.06.2025  23:43:03 - INFO - liandrys.patch: Loading patch 15.8.1, hotfix: 2025-04-10 00:00:00
14.06.2025  23:45:59 - INFO - liandrys.patch: ------------------------------------------------------------
14.06.2025  23:45:59 - INFO - liandrys.patch: Loading patch 15.8.1, hotfix: 2025-04-10 00:00:00
14.06.2025  23:47:02 - INFO - liandrys.patch: ------------------------------------------------------------
14.06.2025  23:47:02 - INFO - liandrys.patch: Loading patch 15.8.1, hotfix: 2025-04-10 00:00:00
14.06.2025  23:54:03 - INFO - liandrys.patch: ------------------------------------------------------------
14.06.2025  23:54:03 - INFO - liandrys.patch: Loading patch 15.8.1, hotfix: 2025-04-10 00:00:00
14.06.2025  23:54:40 - INFO - liandrys.patch: ------------------------------------------------------------
14.06.2025  23:54:40 - INFO - liandrys.patch: Loading patch 15.8.1, hotfix: 2025-04-10 00:00:00
14.06.2025  23:54:54 - INFO - liandrys.patch: ------------------------------------------------------------
14.06.2025  23:54:54 - INFO - liandrys.patch: Loading patch 15.8.1, hotfix: 2025-04-10 00:00:00
15.06.2025  00:00:50 - INFO - liandrys.patch: ------------------------------------------------------------
15.06.2025  00:00:50 - INFO - liandrys.patch: Loading patch 15.8.1, hotfix: 2025-04-10 00:00:00
15.06.2025  00:00:51 - WARNING - liandrys.patch: [CHAMPION] [SCRAPE] [?] Could not find label <b>Silence Duration:</b>: Can't find effect type for silence duration:.
15.06.2025  00:00:51 - WARNING - liandrys.patch: [CHAMPION] [SCRAPE] [?] Could not find label <b>Voidling Duration:</b>: Can't find effect type for voidling duration:.
15.06.2025  00:00:53 - WARNING - liandrys.patch: [ITEM] [SCRAPE] [Titanic Hydra] Could not find Map: '11.1' is not a valid Map
15.06.2025  00:00:55 - ERROR - liandrys.patch: [HOTFIX] [SCRAPE] [2025-01-10 00:00:00] Object type not found '{content.text}'
15.06.2025  00:01:36 - INFO - liandrys.patch: ------------------------------------------------------------
15.06.2025  00:01:36 - INFO - liandrys.patch: Loading patch 15.8.1, hotfix: 2025-04-10 00:00:00
15.06.2025  00:01:37 - WARNING - liandrys.patch: [CHAMPION] [SCRAPE] [?] Could not find label <b>Silence Duration:</b>: Can't find effect type for silence duration:.
15.06.2025  00:01:37 - WARNING - liandrys.patch: [CHAMPION] [SCRAPE] [?] Could not find label <b>Voidling Duration:</b>: Can't find effect type for voidling duration:.
15.06.2025  00:01:38 - WARNING - liandrys.patch: [ITEM] [SCRAPE] [Titanic Hydra] Could not find Map: '11.1' is not a valid Map
15.06.2025  00:01:40 - ERROR - liandrys.patch: [HOTFIX] [SCRAPE] [2025-01-10 00:00:00] Object type not found '{content.text}'
15.06.2025  00:16:20 - INFO - liandrys.patch: ------------------------------------------------------------
15.06.2025  00:16:20 - INFO - liandrys.patch: Loading patch 15.8.1, hotfix: 2025-04-10 00:00:00
15.06.2025  00:18:40 - INFO - liandrys.patch: ------------------------------------------------------------
15.06.2025  00:18:40 - INFO - liandrys.patch: Loading patch 15.8.1, hotfix: 2025-04-10 00:00:00
